<?xml version="1.0" encoding="UTF-8"?>
<testsuite xmlns:xsi="http://www.w3.org/2001/XMLSchema-instance" xsi:schemaLocation="https://maven.apache.org/surefire/maven-surefire-plugin/xsd/surefire-test-report.xsd" name="MULE_EE.4.4.0.main[teste1]" time="6.653" failures="0" errors="0" skipped="0" tests="5">
  <properties>
[...]
</properties>
  <testcase time="0.266" name="com-registros-arquivo" classname="MULE_EE.4.4.0.main[teste1]"/>
  <testcase time="1.133" name="chamada" classname="MULE_EE.4.4.0.main[teste1]"/>
  <testcase time="0.055" name="Sem-registros" classname="MULE_EE.4.4.0.main[teste1]"/>
  <testcase time="1.004" name="com-registros-tabela" classname="MULE_EE.4.4.0.main[teste1]"/>
  <testcase time="4.166" name="com-registros-sales-arquivo" classname="MULE_EE.4.4.0.main[teste1]"/>
</testsuite>